{
  "0 debug pnpm:scope": {
    "selected": 1
  },
  "1 error pnpm": {
    "code": "ELIFECYCLE",
    "errno": "ENOENT",
    "syscall": "spawn",
    "file": "sh",
    "pkgid": "vite-vue3-tailwind-starter@0.0.0",
    "stage": "dev",
    "script": "vite --host",
    "pkgname": "vite-vue3-tailwind-starter",
    "err": {
      "name": "pnpm",
      "message": "vite-vue3-tailwind-starter@0.0.0 dev: `vite --host`\nspawn ENOENT",
      "code": "ELIFECYCLE",
      "stack": "pnpm: vite-vue3-tailwind-starter@0.0.0 dev: `vite --host`\nspawn ENOENT\n    at ChildProcess.<anonymous> (/Users/yufengjie/.nvm/versions/node/v12.22.8/lib/node_modules/pnpm/dist/pnpm.cjs:91795:22)\n    at ChildProcess.emit (events.js:314:20)\n    at maybeClose (internal/child_process.js:1022:16)\n    at Process.ChildProcess._handle.onexit (internal/child_process.js:287:5)"
    }
  },
  "2 warn pnpm:global": " Local package.json exists, but node_modules missing, did you mean to install?"
}